<?xml version="1.0" encoding="UTF-8"?>
<coverage generated="1460668598">
  <project timestamp="1460668598">
    <package name="Deimos">
      <file name="O:\OpenServer\domains\semver\src\Deimos/Comparator.php">
        <class name="Comparator" namespace="Deimos">
          <metrics complexity="6" methods="6" coveredmethods="5" conditionals="0" coveredconditionals="0" statements="6" coveredstatements="5" elements="12" coveredelements="10"/>
        </class>
        <line num="13" type="method" name="greaterThan" visibility="public" complexity="1" crap="1" count="12"/>
        <line num="15" type="stmt" count="12"/>
        <line num="23" type="method" name="greaterThanOrEqualTo" visibility="public" complexity="1" crap="1" count="12"/>
        <line num="25" type="stmt" count="12"/>
        <line num="33" type="method" name="lessThan" visibility="public" complexity="1" crap="1" count="12"/>
        <line num="35" type="stmt" count="12"/>
        <line num="43" type="method" name="lessThanOrEqualTo" visibility="public" complexity="1" crap="1" count="12"/>
        <line num="45" type="stmt" count="12"/>
        <line num="53" type="method" name="equalTo" visibility="public" complexity="1" crap="1" count="12"/>
        <line num="55" type="stmt" count="12"/>
        <line num="63" type="method" name="notEqualTo" visibility="public" complexity="1" crap="2" count="0"/>
        <line num="65" type="stmt" count="0"/>
        <metrics loc="67" ncloc="37" classes="1" methods="6" coveredmethods="5" conditionals="0" coveredconditionals="0" statements="6" coveredstatements="5" elements="12" coveredelements="10"/>
      </file>
      <file name="O:\OpenServer\domains\semver\src\Deimos/Match.php">
        <class name="Match" namespace="Deimos">
          <metrics complexity="6" methods="4" coveredmethods="4" conditionals="0" coveredconditionals="0" statements="9" coveredstatements="9" elements="13" coveredelements="13"/>
        </class>
        <line num="18" type="method" name="__construct" visibility="public" complexity="1" crap="1" count="46"/>
        <line num="20" type="stmt" count="46"/>
        <line num="21" type="stmt" count="46"/>
        <line num="27" type="method" name="current" visibility="public" complexity="2" crap="2" count="41"/>
        <line num="29" type="stmt" count="41"/>
        <line num="30" type="stmt" count="40"/>
        <line num="31" type="stmt" count="1"/>
        <line num="39" type="method" name="get" visibility="public" complexity="2" crap="2" count="41"/>
        <line num="41" type="stmt" count="41"/>
        <line num="42" type="stmt" count="41"/>
        <line num="43" type="stmt" count="37"/>
        <line num="49" type="method" name="getValue" visibility="public" complexity="1" crap="1" count="4"/>
        <line num="51" type="stmt" count="4"/>
        <metrics loc="53" ncloc="33" classes="1" methods="4" coveredmethods="4" conditionals="0" coveredconditionals="0" statements="9" coveredstatements="9" elements="13" coveredelements="13"/>
      </file>
      <file name="O:\OpenServer\domains\semver\src\Deimos/PreRelease.php">
        <class name="PreRelease" namespace="Deimos">
          <metrics complexity="10" methods="2" coveredmethods="2" conditionals="0" coveredconditionals="0" statements="17" coveredstatements="17" elements="19" coveredelements="19"/>
        </class>
        <line num="26" type="method" name="__construct" visibility="public" complexity="1" crap="1" count="41"/>
        <line num="28" type="stmt" count="41"/>
        <line num="29" type="stmt" count="41"/>
        <line num="34" type="method" name="__toString" visibility="public" complexity="9" crap="9" count="41"/>
        <line num="37" type="stmt" count="41"/>
        <line num="41" type="stmt" count="41"/>
        <line num="42" type="stmt" count="1"/>
        <line num="44" type="stmt" count="41"/>
        <line num="45" type="stmt" count="31"/>
        <line num="46" type="stmt" count="13"/>
        <line num="48" type="stmt" count="31"/>
        <line num="49" type="stmt" count="26"/>
        <line num="50" type="stmt" count="8"/>
        <line num="52" type="stmt" count="24"/>
        <line num="53" type="stmt" count="13"/>
        <line num="55" type="stmt" count="16"/>
        <line num="56" type="stmt" count="11"/>
        <line num="58" type="stmt" count="6"/>
        <line num="60" type="stmt" count="6"/>
        <metrics loc="65" ncloc="53" classes="1" methods="2" coveredmethods="2" conditionals="0" coveredconditionals="0" statements="17" coveredstatements="17" elements="19" coveredelements="19"/>
      </file>
      <file name="O:\OpenServer\domains\semver\src\Deimos/Semver.php">
        <class name="Semver" namespace="Deimos">
          <metrics complexity="8" methods="8" coveredmethods="8" conditionals="0" coveredconditionals="0" statements="27" coveredstatements="27" elements="35" coveredelements="35"/>
        </class>
        <line num="42" type="method" name="__construct" visibility="public" complexity="1" crap="1" count="40"/>
        <line num="46" type="stmt" count="40"/>
        <line num="49" type="stmt" count="40"/>
        <line num="50" type="stmt" count="40"/>
        <line num="53" type="stmt" count="40"/>
        <line num="55" type="stmt" count="40"/>
        <line num="56" type="stmt" count="40"/>
        <line num="57" type="stmt" count="40"/>
        <line num="60" type="stmt" count="40"/>
        <line num="62" type="stmt" count="40"/>
        <line num="64" type="stmt" count="40"/>
        <line num="65" type="stmt" count="40"/>
        <line num="68" type="stmt" count="40"/>
        <line num="70" type="stmt" count="40"/>
        <line num="72" type="stmt" count="40"/>
        <line num="77" type="method" name="getMajor" visibility="public" complexity="1" crap="1" count="40"/>
        <line num="79" type="stmt" count="40"/>
        <line num="85" type="method" name="getMinor" visibility="public" complexity="1" crap="1" count="40"/>
        <line num="87" type="stmt" count="40"/>
        <line num="93" type="method" name="getPatch" visibility="public" complexity="1" crap="1" count="40"/>
        <line num="95" type="stmt" count="40"/>
        <line num="101" type="method" name="getPreRelease" visibility="public" complexity="1" crap="1" count="40"/>
        <line num="103" type="stmt" count="40"/>
        <line num="109" type="method" name="getBuild" visibility="public" complexity="1" crap="1" count="40"/>
        <line num="111" type="stmt" count="40"/>
        <line num="117" type="method" name="getMetadata" visibility="public" complexity="1" crap="1" count="28"/>
        <line num="119" type="stmt" count="28"/>
        <line num="125" type="method" name="__toString" visibility="public" complexity="1" crap="1" count="12"/>
        <line num="129" type="stmt" count="12"/>
        <line num="130" type="stmt" count="12"/>
        <line num="131" type="stmt" count="12"/>
        <line num="132" type="stmt" count="12"/>
        <line num="133" type="stmt" count="12"/>
        <line num="136" type="stmt" count="12"/>
        <line num="138" type="stmt" count="12"/>
        <metrics loc="141" ncloc="86" classes="1" methods="8" coveredmethods="8" conditionals="0" coveredconditionals="0" statements="27" coveredstatements="27" elements="35" coveredelements="35"/>
      </file>
    </package>
    <metrics files="4" loc="326" ncloc="209" classes="4" methods="20" coveredmethods="19" conditionals="0" coveredconditionals="0" statements="59" coveredstatements="58" elements="79" coveredelements="77"/>
  </project>
</coverage>
